#
# There is insufficient memory for the Java Runtime Environment to continue.
# Native memory allocation (malloc) failed to allocate 2015904 bytes for Chunk::new
# Possible reasons:
#   The system is out of physical RAM or swap space
#   In 32 bit mode, the process size limit was hit
# Possible solutions:
#   Reduce memory load on the system
#   Increase physical memory or swap space
#   Check if swap backing store is full
#   Use 64 bit Java on a 64 bit OS
#   Decrease Java heap size (-Xmx/-Xms)
#   Decrease number of Java threads
#   Decrease Java thread stack sizes (-Xss)
#   Set larger code cache with -XX:ReservedCodeCacheSize=
# This output file may be truncated or incomplete.
#
#  Out of Memory Error (allocation.cpp:390), pid=33752, tid=0x0000000000008e0c
#
# JRE version: Java(TM) SE Runtime Environment (8.0_191-b12) (build 1.8.0_191-b12)
# Java VM: Java HotSpot(TM) 64-Bit Server VM (25.191-b12 mixed mode windows-amd64 compressed oops)
# Failed to write core dump. Minidumps are not enabled by default on client versions of Windows
#

---------------  T H R E A D  ---------------

Current thread (0x000000001fbf5800):  JavaThread "C2 CompilerThread2" daemon [_thread_in_native, id=36364, stack(0x00000000204e0000,0x00000000205e0000)]

Stack: [0x00000000204e0000,0x00000000205e0000]
[error occurred during error reporting (printing stack bounds), id 0xc0000005]

Native frames: (J=compiled Java code, j=interpreted, Vv=VM code, C=native code)


Current CompileTask:
C2:  17253 5094       4       org.springframework.core.annotation.TypeMappedAnnotations::get (8 bytes)


---------------  P R O C E S S  ---------------

Java Threads: ( => current thread )
  0x000000001f383800 JavaThread "Live Reload Server" daemon [_thread_in_native, id=20360, stack(0x000000002b600000,0x000000002b700000)]
  0x000000001f384000 JavaThread "container-0" [_thread_blocked, id=11048, stack(0x0000000029e30000,0x0000000029f30000)]
  0x000000001f382800 JavaThread "Catalina-utility-2" [_thread_blocked, id=37632, stack(0x000000002b100000,0x000000002b200000)]
  0x000000001f382000 JavaThread "Catalina-utility-1" [_thread_blocked, id=14800, stack(0x000000002b000000,0x000000002b100000)]
  0x000000001f37f000 JavaThread "HikariPool-1 connection adder" daemon [_thread_blocked, id=37048, stack(0x0000000029d30000,0x0000000029e30000)]
  0x000000001f381000 JavaThread "HikariPool-1 housekeeper" daemon [_thread_blocked, id=29016, stack(0x0000000027130000,0x0000000027230000)]
  0x000000001f385800 JavaThread "mysql-cj-abandoned-connection-cleanup" daemon [_thread_blocked, id=24704, stack(0x0000000024280000,0x0000000024380000)]
  0x0000000022741000 JavaThread "restartedMain" [_thread_in_Java, id=21384, stack(0x0000000024180000,0x0000000024280000)]
  0x0000000021604800 JavaThread "Thread-0" [_thread_blocked, id=32928, stack(0x0000000024080000,0x0000000024180000)]
  0x000000001fc81800 JavaThread "Service Thread" daemon [_thread_blocked, id=36248, stack(0x00000000206e0000,0x00000000207e0000)]
  0x000000001fbf6800 JavaThread "C1 CompilerThread3" daemon [_thread_blocked, id=22572, stack(0x00000000205e0000,0x00000000206e0000)]
=>0x000000001fbf5800 JavaThread "C2 CompilerThread2" daemon [_thread_in_native, id=36364, stack(0x00000000204e0000,0x00000000205e0000)]
  0x000000001fbf3000 JavaThread "C2 CompilerThread1" daemon [_thread_in_native, id=38204, stack(0x00000000203e0000,0x00000000204e0000)]
  0x000000001fbee000 JavaThread "C2 CompilerThread0" daemon [_thread_in_native, id=30160, stack(0x00000000202e0000,0x00000000203e0000)]
  0x000000001f085800 JavaThread "JDWP Command Reader" daemon [_thread_in_native, id=31040, stack(0x000000001f9e0000,0x000000001fae0000)]
  0x000000001f080000 JavaThread "JDWP Event Helper Thread" daemon [_thread_blocked, id=23688, stack(0x000000001f8e0000,0x000000001f9e0000)]
  0x000000001f07e800 JavaThread "JDWP Transport Listener: dt_socket" daemon [_thread_blocked, id=21088, stack(0x000000001f7e0000,0x000000001f8e0000)]
  0x000000001f01f000 JavaThread "Attach Listener" daemon [_thread_blocked, id=38076, stack(0x000000001f6e0000,0x000000001f7e0000)]
  0x000000001f01d000 JavaThread "Signal Dispatcher" daemon [_thread_blocked, id=21412, stack(0x000000001f5e0000,0x000000001f6e0000)]
  0x00000000036bd800 JavaThread "Finalizer" daemon [_thread_blocked, id=33540, stack(0x000000001f3e0000,0x000000001f4e0000)]
  0x000000001d10d000 JavaThread "Reference Handler" daemon [_thread_blocked, id=19632, stack(0x000000001eee0000,0x000000001efe0000)]
  0x00000000035c7000 JavaThread "main" [_thread_blocked, id=27596, stack(0x00000000032c0000,0x00000000033c0000)]

Other Threads:
  0x000000001d109000 VMThread [stack: 0x000000001ede0000,0x000000001eee0000] [id=21256]
  0x000000001fd3c800 WatcherThread [stack: 0x00000000207e0000,0x00000000208e0000] [id=1504]

VM state:not at safepoint (normal execution)

VM Mutex/Monitor currently owned by a thread:  ([mutex/lock_event])
[0x00000000032bece0] CodeCache_lock - owner thread: 0x0000000000000000

Heap:
 PSYoungGen      total 419840K, used 44918K [0x000000076b200000, 0x0000000791400000, 0x00000007c0000000)
  eden space 408576K, 10% used [0x000000076b200000,0x000000076dddd9e8,0x0000000784100000)
  from space 11264K, 0% used [0x0000000784100000,0x0000000784100000,0x0000000784c00000)
  to   space 18944K, 0% used [0x0000000790180000,0x0000000790180000,0x0000000791400000)
 ParOldGen       total 164352K, used 36134K [0x00000006c1600000, 0x00000006cb680000, 0x000000076b200000)
  object space 164352K, 21% used [0x00000006c1600000,0x00000006c3949ac0,0x00000006cb680000)
 Metaspace       used 57595K, capacity 60564K, committed 60632K, reserved 1101824K
  class space    used 7798K, capacity 8341K, committed 8408K, reserved 1048576K

Card table byte_map: [0x0000000012a80000,0x0000000013280000] byte_map_base: 0x000000000f475000

Marking Bits: (ParMarkBitMap*) 0x000000005ddf3e30
 Begin Bits: [0x0000000013fd0000, 0x0000000017f78000)
 End Bits:   [0x0000000017f78000, 0x000000001bf20000)

Polling page: 0x0000000001560000

CodeCache: size=245760Kb used=18786Kb max_used=18786Kb free=226973Kb
 bounds [0x00000000036c0000, 0x0000000004930000, 0x00000000126c0000]
 total_blobs=5195 nmethods=4653 adapters=462
 compilation: enabled

Compilation events (10 events):
Event: 17.226 Thread 0x000000001fbf6800 5190       3       org.springframework.beans.factory.annotation.InitDestroyAnnotationBeanPostProcessor$$Lambda$324/1037075711::<init> (26 bytes)
Event: 17.226 Thread 0x000000001fbf6800 nmethod 5190 0x0000000004916b50 code [0x0000000004916ca0, 0x0000000004916eb0]
Event: 17.235 Thread 0x000000001fbf6800 5192       3       org.springframework.core.MethodParameter::adaptAnnotationArray (2 bytes)
Event: 17.235 Thread 0x000000001fbf6800 nmethod 5192 0x0000000004916810 code [0x0000000004916960, 0x0000000004916ab0]
Event: 17.236 Thread 0x000000001fbf6800 5193   !   3       sun.reflect.GeneratedMethodAccessor6::invoke (63 bytes)
Event: 17.237 Thread 0x000000001fbf6800 nmethod 5193 0x0000000004922ed0 code [0x0000000004923120, 0x0000000004923ba8]
Event: 17.238 Thread 0x000000001fbf6800 5194       3       java.util.Vector::<init> (7 bytes)
Event: 17.238 Thread 0x000000001fbf6800 nmethod 5194 0x00000000049163d0 code [0x0000000004916540, 0x0000000004916748]
Event: 17.239 Thread 0x000000001fbf6800 5195       3       org.springframework.boot.context.properties.bind.Bindable::box (60 bytes)
Event: 17.241 Thread 0x000000001fbf6800 nmethod 5195 0x0000000004924310 code [0x0000000004924560, 0x0000000004925178]

GC Heap History (10 events):
Event: 8.235 GC heap before
{Heap before GC invocations=8 (full 1):
 PSYoungGen      total 240640K, used 240625K [0x000000076b200000, 0x000000077c100000, 0x00000007c0000000)
  eden space 234496K, 100% used [0x000000076b200000,0x0000000779700000,0x0000000779700000)
  from space 6144K, 99% used [0x000000077bb00000,0x000000077c0fc438,0x000000077c100000)
  to   space 8704K, 0% used [0x000000077b000000,0x000000077b000000,0x000000077b880000)
 ParOldGen       total 82432K, used 5091K [0x00000006c1600000, 0x00000006c6680000, 0x000000076b200000)
  object space 82432K, 6% used [0x00000006c1600000,0x00000006c1af8df8,0x00000006c6680000)
 Metaspace       used 32301K, capacity 34032K, committed 34176K, reserved 1079296K
  class space    used 4170K, capacity 4479K, committed 4480K, reserved 1048576K
Event: 8.251 GC heap after
Heap after GC invocations=8 (full 1):
 PSYoungGen      total 268800K, used 8700K [0x000000076b200000, 0x0000000785780000, 0x00000007c0000000)
  eden space 260096K, 0% used [0x000000076b200000,0x000000076b200000,0x000000077b000000)
  from space 8704K, 99% used [0x000000077b000000,0x000000077b87f138,0x000000077b880000)
  to   space 11776K, 0% used [0x0000000784c00000,0x0000000784c00000,0x0000000785780000)
 ParOldGen       total 82432K, used 9127K [0x00000006c1600000, 0x00000006c6680000, 0x000000076b200000)
  object space 82432K, 11% used [0x00000006c1600000,0x00000006c1ee9ca0,0x00000006c6680000)
 Metaspace       used 32301K, capacity 34032K, committed 34176K, reserved 1079296K
  class space    used 4170K, capacity 4479K, committed 4480K, reserved 1048576K
}
Event: 8.507 GC heap before
{Heap before GC invocations=9 (full 1):
 PSYoungGen      total 268800K, used 29993K [0x000000076b200000, 0x0000000785780000, 0x00000007c0000000)
  eden space 260096K, 8% used [0x000000076b200000,0x000000076c6cb360,0x000000077b000000)
  from space 8704K, 99% used [0x000000077b000000,0x000000077b87f138,0x000000077b880000)
  to   space 11776K, 0% used [0x0000000784c00000,0x0000000784c00000,0x0000000785780000)
 ParOldGen       total 82432K, used 9127K [0x00000006c1600000, 0x00000006c6680000, 0x000000076b200000)
  object space 82432K, 11% used [0x00000006c1600000,0x00000006c1ee9ca0,0x00000006c6680000)
 Metaspace       used 33625K, capacity 35350K, committed 35416K, reserved 1079296K
  class space    used 4330K, capacity 4640K, committed 4696K, reserved 1048576K
Event: 8.516 GC heap after
Heap after GC invocations=9 (full 1):
 PSYoungGen      total 420352K, used 7588K [0x000000076b200000, 0x0000000788000000, 0x00000007c0000000)
  eden space 408576K, 0% used [0x000000076b200000,0x000000076b200000,0x0000000784100000)
  from space 11776K, 64% used [0x0000000784c00000,0x00000007853692e0,0x0000000785780000)
  to   space 11264K, 0% used [0x0000000784100000,0x0000000784100000,0x0000000784c00000)
 ParOldGen       total 82432K, used 9135K [0x00000006c1600000, 0x00000006c6680000, 0x000000076b200000)
  object space 82432K, 11% used [0x00000006c1600000,0x00000006c1eebca0,0x00000006c6680000)
 Metaspace       used 33625K, capacity 35350K, committed 35416K, reserved 1079296K
  class space    used 4330K, capacity 4640K, committed 4696K, reserved 1048576K
}
Event: 8.516 GC heap before
{Heap before GC invocations=10 (full 2):
 PSYoungGen      total 420352K, used 7588K [0x000000076b200000, 0x0000000788000000, 0x00000007c0000000)
  eden space 408576K, 0% used [0x000000076b200000,0x000000076b200000,0x0000000784100000)
  from space 11776K, 64% used [0x0000000784c00000,0x00000007853692e0,0x0000000785780000)
  to   space 11264K, 0% used [0x0000000784100000,0x0000000784100000,0x0000000784c00000)
 ParOldGen       total 82432K, used 9135K [0x00000006c1600000, 0x00000006c6680000, 0x000000076b200000)
  object space 82432K, 11% used [0x00000006c1600000,0x00000006c1eebca0,0x00000006c6680000)
 Metaspace       used 33625K, capacity 35350K, committed 35416K, reserved 1079296K
  class space    used 4330K, capacity 4640K, committed 4696K, reserved 1048576K
Event: 8.575 GC heap after
Heap after GC invocations=10 (full 2):
 PSYoungGen      total 420352K, used 0K [0x000000076b200000, 0x0000000788000000, 0x00000007c0000000)
  eden space 408576K, 0% used [0x000000076b200000,0x000000076b200000,0x0000000784100000)
  from space 11776K, 0% used [0x0000000784c00000,0x0000000784c00000,0x0000000785780000)
  to   space 11264K, 0% used [0x0000000784100000,0x0000000784100000,0x0000000784c00000)
 ParOldGen       total 109568K, used 12233K [0x00000006c1600000, 0x00000006c8100000, 0x000000076b200000)
  object space 109568K, 11% used [0x00000006c1600000,0x00000006c21f2728,0x00000006c8100000)
 Metaspace       used 33625K, capacity 35350K, committed 35416K, reserved 1079296K
  class space    used 4330K, capacity 4640K, committed 4696K, reserved 1048576K
}
Event: 16.346 GC heap before
{Heap before GC invocations=11 (full 2):
 PSYoungGen      total 420352K, used 376410K [0x000000076b200000, 0x0000000788000000, 0x00000007c0000000)
  eden space 408576K, 92% used [0x000000076b200000,0x0000000782196850,0x0000000784100000)
  from space 11776K, 0% used [0x0000000784c00000,0x0000000784c00000,0x0000000785780000)
  to   space 11264K, 0% used [0x0000000784100000,0x0000000784100000,0x0000000784c00000)
 ParOldGen       total 109568K, used 12233K [0x00000006c1600000, 0x00000006c8100000, 0x000000076b200000)
  object space 109568K, 11% used [0x00000006c1600000,0x00000006c21f2728,0x00000006c8100000)
 Metaspace       used 56280K, capacity 58952K, committed 59028K, reserved 1099776K
  class space    used 7585K, capacity 8077K, committed 8152K, reserved 1048576K
Event: 16.395 GC heap after
Heap after GC invocations=11 (full 2):
 PSYoungGen      total 419840K, used 11238K [0x000000076b200000, 0x0000000791400000, 0x00000007c0000000)
  eden space 408576K, 0% used [0x000000076b200000,0x000000076b200000,0x0000000784100000)
  from space 11264K, 99% used [0x0000000784100000,0x0000000784bf9ab0,0x0000000784c00000)
  to   space 18944K, 0% used [0x0000000790180000,0x0000000790180000,0x0000000791400000)
 ParOldGen       total 109568K, used 27520K [0x00000006c1600000, 0x00000006c8100000, 0x000000076b200000)
  object space 109568K, 25% used [0x00000006c1600000,0x00000006c30e01d0,0x00000006c8100000)
 Metaspace       used 56280K, capacity 58952K, committed 59028K, reserved 1099776K
  class space    used 7585K, capacity 8077K, committed 8152K, reserved 1048576K
}
Event: 16.396 GC heap before
{Heap before GC invocations=12 (full 3):
 PSYoungGen      total 419840K, used 11238K [0x000000076b200000, 0x0000000791400000, 0x00000007c0000000)
  eden space 408576K, 0% used [0x000000076b200000,0x000000076b200000,0x0000000784100000)
  from space 11264K, 99% used [0x0000000784100000,0x0000000784bf9ab0,0x0000000784c00000)
  to   space 18944K, 0% used [0x0000000790180000,0x0000000790180000,0x0000000791400000)
 ParOldGen       total 109568K, used 27520K [0x00000006c1600000, 0x00000006c8100000, 0x000000076b200000)
  object space 109568K, 25% used [0x00000006c1600000,0x00000006c30e01d0,0x00000006c8100000)
 Metaspace       used 56280K, capacity 58952K, committed 59028K, reserved 1099776K
  class space    used 7585K, capacity 8077K, committed 8152K, reserved 1048576K
Event: 16.757 GC heap after
Heap after GC invocations=12 (full 3):
 PSYoungGen      total 419840K, used 0K [0x000000076b200000, 0x0000000791400000, 0x00000007c0000000)
  eden space 408576K, 0% used [0x000000076b200000,0x000000076b200000,0x0000000784100000)
  from space 11264K, 0% used [0x0000000784100000,0x0000000784100000,0x0000000784c00000)
  to   space 18944K, 0% used [0x0000000790180000,0x0000000790180000,0x0000000791400000)
 ParOldGen       total 164352K, used 36134K [0x00000006c1600000, 0x00000006cb680000, 0x000000076b200000)
  object space 164352K, 21% used [0x00000006c1600000,0x00000006c3949ac0,0x00000006cb680000)
 Metaspace       used 56280K, capacity 58952K, committed 59028K, reserved 1099776K
  class space    used 7585K, capacity 8077K, committed 8152K, reserved 1048576K
}

Deoptimization events (10 events):
Event: 17.223 Thread 0x0000000022741000 Uncommon trap: reason=unhandled action=none pc=0x00000000040dea20 method=java.net.URLClassLoader.findClass(Ljava/lang/String;)Ljava/lang/Class; @ 44
Event: 17.228 Thread 0x0000000022741000 Uncommon trap: reason=range_check action=none pc=0x0000000003a694a4 method=sun.reflect.generics.parser.SignatureParser.current()C @ 34
Event: 17.231 Thread 0x0000000022741000 Uncommon trap: reason=unhandled action=none pc=0x00000000040dea20 method=java.net.URLClassLoader.findClass(Ljava/lang/String;)Ljava/lang/Class; @ 44
Event: 17.231 Thread 0x0000000022741000 Uncommon trap: reason=unhandled action=none pc=0x00000000040dea20 method=java.net.URLClassLoader.findClass(Ljava/lang/String;)Ljava/lang/Class; @ 44
Event: 17.232 Thread 0x0000000022741000 Uncommon trap: reason=unhandled action=none pc=0x00000000040dea20 method=java.net.URLClassLoader.findClass(Ljava/lang/String;)Ljava/lang/Class; @ 44
Event: 17.232 Thread 0x0000000022741000 Uncommon trap: reason=unhandled action=none pc=0x00000000040dea20 method=java.net.URLClassLoader.findClass(Ljava/lang/String;)Ljava/lang/Class; @ 44
Event: 17.233 Thread 0x0000000022741000 Uncommon trap: reason=unhandled action=none pc=0x00000000040dea20 method=java.net.URLClassLoader.findClass(Ljava/lang/String;)Ljava/lang/Class; @ 44
Event: 17.233 Thread 0x0000000022741000 Uncommon trap: reason=unhandled action=none pc=0x00000000040dea20 method=java.net.URLClassLoader.findClass(Ljava/lang/String;)Ljava/lang/Class; @ 44
Event: 17.236 Thread 0x0000000022741000 Uncommon trap: reason=range_check action=none pc=0x0000000003a694a4 method=sun.reflect.generics.parser.SignatureParser.current()C @ 34
Event: 17.237 Thread 0x0000000022741000 Uncommon trap: reason=range_check action=none pc=0x0000000003a694a4 method=sun.reflect.generics.parser.SignatureParser.current()C @ 34

Classes redefined (0 events):
No events

Internal exceptions (10 events):
Event: 17.085 Thread 0x0000000022741000 Exception <a 'java/lang/ArrayIndexOutOfBoundsException': 97> (0x000000076d376d20) thrown at [C:\re\workspace\8-2-build-windows-amd64-cygwin\jdk8u191\11896\hotspot\src\share\vm\interpreter\interpreterRuntime.cpp, line 366]
Event: 17.085 Thread 0x0000000022741000 Exception <a 'java/lang/ArrayIndexOutOfBoundsException': 111> (0x000000076d37a108) thrown at [C:\re\workspace\8-2-build-windows-amd64-cygwin\jdk8u191\11896\hotspot\src\share\vm\interpreter\interpreterRuntime.cpp, line 366]
Event: 17.086 Thread 0x0000000022741000 Exception <a 'java/lang/ArrayIndexOutOfBoundsException': 63> (0x000000076d37bec8) thrown at [C:\re\workspace\8-2-build-windows-amd64-cygwin\jdk8u191\11896\hotspot\src\share\vm\interpreter\interpreterRuntime.cpp, line 366]
Event: 17.086 Thread 0x0000000022741000 Exception <a 'java/lang/ArrayIndexOutOfBoundsException': 47> (0x000000076d37e020) thrown at [C:\re\workspace\8-2-build-windows-amd64-cygwin\jdk8u191\11896\hotspot\src\share\vm\interpreter\interpreterRuntime.cpp, line 366]
Event: 17.086 Thread 0x0000000022741000 Exception <a 'java/lang/ArrayIndexOutOfBoundsException': 100> (0x000000076d37f968) thrown at [C:\re\workspace\8-2-build-windows-amd64-cygwin\jdk8u191\11896\hotspot\src\share\vm\interpreter\interpreterRuntime.cpp, line 366]
Event: 17.086 Thread 0x0000000022741000 Exception <a 'java/lang/ArrayIndexOutOfBoundsException': 40> (0x000000076d3808c0) thrown at [C:\re\workspace\8-2-build-windows-amd64-cygwin\jdk8u191\11896\hotspot\src\share\vm\interpreter\interpreterRuntime.cpp, line 366]
Event: 17.168 Thread 0x0000000022741000 Exception <a 'java/lang/IncompatibleClassChangeError': Found class java.lang.Object, but interface was expected> (0x000000076d75cf80) thrown at [C:\re\workspace\8-2-build-windows-amd64-cygwin\jdk8u191\11896\hotspot\src\share\vm\interpreter\linkResolver.cp
Event: 17.228 Thread 0x0000000022741000 Exception <a 'java/lang/ArrayIndexOutOfBoundsException': 123> (0x000000076dadfbf8) thrown at [C:\re\workspace\8-2-build-windows-amd64-cygwin\jdk8u191\11896\hotspot\src\share\vm\interpreter\interpreterRuntime.cpp, line 366]
Event: 17.236 Thread 0x0000000022741000 Exception <a 'java/lang/ArrayIndexOutOfBoundsException': 83> (0x000000076db34488) thrown at [C:\re\workspace\8-2-build-windows-amd64-cygwin\jdk8u191\11896\hotspot\src\share\vm\interpreter\interpreterRuntime.cpp, line 366]
Event: 17.237 Thread 0x0000000022741000 Exception <a 'java/lang/ArrayIndexOutOfBoundsException': 185> (0x000000076db38648) thrown at [C:\re\workspace\8-2-build-windows-amd64-cygwin\jdk8u191\11896\hotspot\src\share\vm\interpreter\interpreterRuntime.cpp, line 366]

Events (10 events):
Event: 17.236 Thread 0x0000000022741000 DEOPT UNPACKING pc=0x000000000370583b sp=0x000000002427bad8 mode 2
Event: 17.237 Thread 0x0000000022741000 Uncommon trap: trap_request=0xffffffe7 fr.pc=0x0000000003a694a4
Event: 17.237 Thread 0x0000000022741000 DEOPT PACKING pc=0x0000000003a694a4 sp=0x000000002427b5e0
Event: 17.237 Thread 0x0000000022741000 DEOPT UNPACKING pc=0x000000000370583b sp=0x000000002427b578 mode 2
Event: 17.241 Thread 0x0000000022741000 DEOPT PACKING pc=0x00000000040742ec sp=0x000000002427c930
Event: 17.241 Thread 0x0000000022741000 DEOPT UNPACKING pc=0x0000000003707890 sp=0x000000002427c6e8 mode 1
Event: 17.241 Thread 0x0000000022741000 DEOPT PACKING pc=0x00000000040742ec sp=0x000000002427c930
Event: 17.241 Thread 0x0000000022741000 DEOPT UNPACKING pc=0x0000000003707890 sp=0x000000002427c6e8 mode 1
Event: 17.241 loading class org/springframework/transaction/PlatformTransactionManager
Event: 17.241 loading class org/springframework/transaction/PlatformTransactionManager done


Dynamic libraries:
0x00007ff6c66d0000 - 0x00007ff6c6707000 	C:\Program Files\Java\jre1.8.0_191\bin\javaw.exe
0x00007ff8a4ec0000 - 0x00007ff8a50b0000 	C:\WINDOWS\SYSTEM32\ntdll.dll
0x00007ff8a3f70000 - 0x00007ff8a4022000 	C:\WINDOWS\System32\KERNEL32.DLL
0x00007ff8a2520000 - 0x00007ff8a27c3000 	C:\WINDOWS\System32\KERNELBASE.dll
0x00007ff8a3e10000 - 0x00007ff8a3eb3000 	C:\WINDOWS\System32\ADVAPI32.dll
0x00007ff8a3d70000 - 0x00007ff8a3e0e000 	C:\WINDOWS\System32\msvcrt.dll
0x00007ff8a2f70000 - 0x00007ff8a3007000 	C:\WINDOWS\System32\sechost.dll
0x00007ff8a31b0000 - 0x00007ff8a32d0000 	C:\WINDOWS\System32\RPCRT4.dll
0x00007ff8a4390000 - 0x00007ff8a4524000 	C:\WINDOWS\System32\USER32.dll
0x00007ff8a24f0000 - 0x00007ff8a2511000 	C:\WINDOWS\System32\win32u.dll
0x00007ff8a4b20000 - 0x00007ff8a4b46000 	C:\WINDOWS\System32\GDI32.dll
0x00007ff8a1f50000 - 0x00007ff8a20e4000 	C:\WINDOWS\System32\gdi32full.dll
0x00007ff8a1e50000 - 0x00007ff8a1eee000 	C:\WINDOWS\System32\msvcp_win.dll
0x00007ff8a21f0000 - 0x00007ff8a22ea000 	C:\WINDOWS\System32\ucrtbase.dll
0x00007ff891b80000 - 0x00007ff891e05000 	C:\WINDOWS\WinSxS\amd64_microsoft.windows.common-controls_6595b64144ccf1df_6.0.18362.720_none_e6beb5c51314836b\COMCTL32.dll
0x00007ff8a39c0000 - 0x00007ff8a3cf6000 	C:\WINDOWS\System32\combase.dll
0x00007ff8a2470000 - 0x00007ff8a24f0000 	C:\WINDOWS\System32\bcryptPrimitives.dll
0x00007ff8a3180000 - 0x00007ff8a31ae000 	C:\WINDOWS\System32\IMM32.DLL
0x000000005ea20000 - 0x000000005eaf2000 	C:\Program Files\Java\jre1.8.0_191\bin\msvcr100.dll
0x000000005d5d0000 - 0x000000005de74000 	C:\Program Files\Java\jre1.8.0_191\bin\server\jvm.dll
0x00007ff8a3d00000 - 0x00007ff8a3d08000 	C:\WINDOWS\System32\PSAPI.DLL
0x00007ff88b600000 - 0x00007ff88b609000 	C:\WINDOWS\SYSTEM32\WSOCK32.dll
0x00007ff895730000 - 0x00007ff895754000 	C:\WINDOWS\SYSTEM32\WINMM.dll
0x00007ff8993d0000 - 0x00007ff8993da000 	C:\WINDOWS\SYSTEM32\VERSION.dll
0x00007ff8a4030000 - 0x00007ff8a409f000 	C:\WINDOWS\System32\WS2_32.dll
0x00007ff8956c0000 - 0x00007ff8956ed000 	C:\WINDOWS\SYSTEM32\winmmbase.dll
0x00007ff8a20f0000 - 0x00007ff8a213a000 	C:\WINDOWS\System32\cfgmgr32.dll
0x000000005ebe0000 - 0x000000005ebef000 	C:\Program Files\Java\jre1.8.0_191\bin\verify.dll
0x000000005ebb0000 - 0x000000005ebd9000 	C:\Program Files\Java\jre1.8.0_191\bin\java.dll
0x000000005e9e0000 - 0x000000005ea15000 	C:\Program Files\Java\jre1.8.0_191\bin\jdwp.dll
0x000000005e9d0000 - 0x000000005e9d8000 	C:\Program Files\Java\jre1.8.0_191\bin\npt.dll
0x000000005e9a0000 - 0x000000005e9c3000 	C:\Program Files\Java\jre1.8.0_191\bin\instrument.dll
0x000000005eb90000 - 0x000000005eba6000 	C:\Program Files\Java\jre1.8.0_191\bin\zip.dll
0x00007ff8a32d0000 - 0x00007ff8a39b5000 	C:\WINDOWS\System32\SHELL32.dll
0x00007ff8a4a70000 - 0x00007ff8a4b19000 	C:\WINDOWS\System32\shcore.dll
0x00007ff8a27d0000 - 0x00007ff8a2f50000 	C:\WINDOWS\System32\windows.storage.dll
0x00007ff8a1e20000 - 0x00007ff8a1e43000 	C:\WINDOWS\System32\profapi.dll
0x00007ff8a1dd0000 - 0x00007ff8a1e1a000 	C:\WINDOWS\System32\powrprof.dll
0x00007ff8a1d80000 - 0x00007ff8a1d90000 	C:\WINDOWS\System32\UMPDC.dll
0x00007ff8a40a0000 - 0x00007ff8a40f2000 	C:\WINDOWS\System32\shlwapi.dll
0x00007ff8a1db0000 - 0x00007ff8a1dc1000 	C:\WINDOWS\System32\kernel.appcore.dll
0x00007ff8a2f50000 - 0x00007ff8a2f67000 	C:\WINDOWS\System32\cryptsp.dll
0x000000005e990000 - 0x000000005e999000 	C:\Program Files\Java\jre1.8.0_191\bin\dt_socket.dll
0x00007ff882800000 - 0x00007ff882816000 	C:\WINDOWS\system32\napinsp.dll
0x00007ff882580000 - 0x00007ff88259a000 	C:\WINDOWS\system32\pnrpnsp.dll
0x00007ff8a1540000 - 0x00007ff8a15a7000 	C:\WINDOWS\System32\mswsock.dll
0x00007ff8a12a0000 - 0x00007ff8a136a000 	C:\WINDOWS\SYSTEM32\DNSAPI.dll
0x00007ff8a4b70000 - 0x00007ff8a4b78000 	C:\WINDOWS\System32\NSI.dll
0x00007ff8a1260000 - 0x00007ff8a129a000 	C:\WINDOWS\SYSTEM32\IPHLPAPI.DLL
0x00007ff8827f0000 - 0x00007ff8827fe000 	C:\WINDOWS\System32\winrnr.dll
0x00007ff89b350000 - 0x00007ff89b36c000 	C:\WINDOWS\system32\NLAapi.dll
0x00007ff89abe0000 - 0x00007ff89abf5000 	C:\WINDOWS\system32\wshbth.dll
0x00007ff88f780000 - 0x00007ff88f7f7000 	C:\WINDOWS\System32\fwpuclnt.dll
0x00007ff8a2440000 - 0x00007ff8a2466000 	C:\WINDOWS\System32\bcrypt.dll
0x00007ff88e9d0000 - 0x00007ff88e9da000 	C:\Windows\System32\rasadhlp.dll
0x000000005eb10000 - 0x000000005eb1d000 	C:\Program Files\Java\jre1.8.0_191\bin\management.dll
0x000000005eb70000 - 0x000000005eb8a000 	C:\Program Files\Java\jre1.8.0_191\bin\net.dll
0x000000005eb50000 - 0x000000005eb61000 	C:\Program Files\Java\jre1.8.0_191\bin\nio.dll
0x00007ff8a10c0000 - 0x00007ff8a10f3000 	C:\WINDOWS\system32\rsaenh.dll
0x00007ff8a1c70000 - 0x00007ff8a1c95000 	C:\WINDOWS\SYSTEM32\USERENV.dll
0x00007ff8a1720000 - 0x00007ff8a172c000 	C:\WINDOWS\SYSTEM32\CRYPTBASE.dll
0x00007ff88eed0000 - 0x00007ff88eee6000 	C:\WINDOWS\SYSTEM32\dhcpcsvc6.DLL
0x00007ff88eeb0000 - 0x00007ff88eecc000 	C:\WINDOWS\SYSTEM32\dhcpcsvc.DLL
0x000000005eb20000 - 0x000000005eb44000 	C:\Program Files\Java\jre1.8.0_191\bin\sunec.dll
0x000000005eb00000 - 0x000000005eb0b000 	C:\Program Files\Java\jre1.8.0_191\bin\sunmscapi.dll
0x00007ff8a22f0000 - 0x00007ff8a2439000 	C:\WINDOWS\System32\CRYPT32.dll
0x00007ff8a1d90000 - 0x00007ff8a1da2000 	C:\WINDOWS\System32\MSASN1.dll

VM Arguments:
jvm_args: -agentlib:jdwp=transport=dt_socket,suspend=y,address=localhost:57671 -javaagent:D:\dev-env\eclipse-jee\eclipse\configuration\org.eclipse.osgi\411\0\.cp\lib\javaagent-shaded.jar -Dfile.encoding=UTF-8 
java_command: com.craftercodebase.EmployeeApplication
java_class_path (initial): D:\canada\cc-spring-mvc\target\classes;C:\Users\user\.p2\pool\plugins\org.aspectj.runtime_1.9.2.202002051807.jar;C:\Users\user\.m2\repository\org\springframework\boot\spring-boot-starter-data-jpa\2.2.6.RELEASE\spring-boot-starter-data-jpa-2.2.6.RELEASE.jar;C:\Users\user\.m2\repository\org\springframework\boot\spring-boot-starter-aop\2.2.6.RELEASE\spring-boot-starter-aop-2.2.6.RELEASE.jar;C:\Users\user\.m2\repository\org\springframework\spring-aop\5.2.5.RELEASE\spring-aop-5.2.5.RELEASE.jar;C:\Users\user\.m2\repository\org\aspectj\aspectjweaver\1.9.5\aspectjweaver-1.9.5.jar;C:\Users\user\.m2\repository\org\springframework\boot\spring-boot-starter-jdbc\2.2.6.RELEASE\spring-boot-starter-jdbc-2.2.6.RELEASE.jar;C:\Users\user\.m2\repository\com\zaxxer\HikariCP\3.4.2\HikariCP-3.4.2.jar;C:\Users\user\.m2\repository\org\springframework\spring-jdbc\5.2.5.RELEASE\spring-jdbc-5.2.5.RELEASE.jar;C:\Users\user\.m2\repository\jakarta\activation\jakarta.activation-api\1.2.2\jakarta.activation-api-1.2.2.jar;C:\Users\user\.m2\repository\jakarta\persistence\jakarta.persistence-api\2.2.3\jakarta.persistence-api-2.2.3.jar;C:\Users\user\.m2\repository\jakarta\transaction\jakarta.transaction-api\1.3.3\jakarta.transaction-api-1.3.3.jar;C:\Users\user\.m2\repository\org\hibernate\hibernate-core\5.4.12.Final\hibernate-core-5.4.12.Final.jar;C:\Users\user\.m2\repository\org\jboss\logging\jboss-logging\3.4.1.Final\jboss-logging-3.4.1.Final.jar;C:\Users\user\.m2\repository\org\javassist\javassist\3.24.0-GA\javassist-3.24.0-GA.jar;C:\Users\user\.m2\repository\net\bytebuddy\byte-buddy\1.10.8\byte-buddy-1.10.8.jar;C:\Users\user\.m2\repository\antlr\antlr\2.7.7\antlr-2.7.7.jar;C:\Users\user\.m2\repository\org\jboss\jandex\2.1.1.Final\jandex-2.1.1.Final.jar;C:\Users\user\.m2\repository\com\fasterxml\classmate\1.5.1\classmate-1.5.1.jar;C:\Users\user\.m2\repository\org\dom4j\dom4j\2.1.1\dom4j-2.1.1.jar;C:\Users\user\.m2\repository\org\hibernate\common\hibernate-commons-annotat
Launcher Type: SUN_STANDARD

Environment Variables:
JAVA_HOME=D:\dev-env\jdk1.8.0_131
PATH=C:/Program Files/Java/jre1.8.0_191/bin/server;C:/Program Files/Java/jre1.8.0_191/bin;C:/Program Files/Java/jre1.8.0_191/lib/amd64;C:\Program Files (x86)\Intel\Intel(R) Management Engine Components\iCLS\;C:\Program Files\Intel\Intel(R) Management Engine Components\iCLS\;C:\Program Files (x86)\NAT Service;C:\Program Files (x86)\Common Files\Oracle\Java\javapath;C:\ProgramData\Oracle\Java\javapath;C:\oracle\product\11.2.0\dbhome_1\bin;C:\WINDOWS\system32;C:\WINDOWS;C:\WINDOWS\System32\Wbem;C:\WINDOWS\System32\WindowsPowerShell\v1.0\;C:\WINDOWS\System32\OpenSSH\;C:\Program Files\TortoiseSVN\bin;C:\Program Files\dotnet\;C:\Program Files\PuTTY\;D:\dev-env\Python\Python37;D:\dev-env\Python\Python37\Scripts;C:\Program Files (x86)\Intel\Intel(R) Management Engine Components\DAL;C:\Program Files\Intel\Intel(R) Management Engine Components\DAL;C:\Program Files\Git\cmd;D:\dev-env\nodejs\;C:\Program Files\Docker\Docker\resources\bin;C:\ProgramData\DockerDesktop\version-bin;C:\Program Files\MySQL\MySQL Shell 8.0\bin\;C:\Users\user\AppData\Local\Microsoft\WindowsApps;C:\Users\user\AppData\Local\GitHubDesktop\bin;D:\temp2;C:\Users\user\AppData\Local\Microsoft\WindowsApps;D:\dev-env\apache-maven-3.6.3\bin;D:\dev-env\spring-boot-cli-2.2.5.RELEASE-bin\spring-2.2.5.RELEASE\bin;D:\dev-env\jdk1.8.0_131\bin;C:\Program Files\Vim\vim82;C:\Program Files\MySQL\MySQL Server 8.0\bin;C:\Users\user\AppData\Roaming\npm;D:\dev-env\nodejs;;C:\Program Files (x86)\ESTsoft\ALSee\x64;C:\Users\user\Desktop;
USERNAME=syc0701
OS=Windows_NT
PROCESSOR_IDENTIFIER=Intel64 Family 6 Model 142 Stepping 10, GenuineIntel



---------------  S Y S T E M  ---------------

OS: Windows 10.0 , 64 bit Build 18362 (10.0.18362.329)

CPU:total 8 (initial active 8) (4 cores per cpu, 2 threads per core) family 6 model 142 stepping 10, cmov, cx8, fxsr, mmx, sse, sse2, sse3, ssse3, sse4.1, sse4.2, popcnt, avx, avx2, aes, clmul, erms, 3dnowpref, lzcnt, ht, tsc, tscinvbit, bmi1, bmi2, adx

Memory: 4k page, physical 16686480k(7846296k free), swap 44006984k(6628k free)

vm_info: Java HotSpot(TM) 64-Bit Server VM (25.191-b12) for windows-amd64 JRE (1.8.0_191-b12), built on Oct  6 2018 09:29:03 by "java_re" with MS VC++ 10.0 (VS2010)

time: Thu Apr 09 10:07:39 2020
elapsed time: 17 seconds (0d 0h 0m 17s)

