#
# There is insufficient memory for the Java Runtime Environment to continue.
# Native memory allocation (malloc) failed to allocate 32744 bytes for ChunkPool::allocate
# Possible reasons:
#   The system is out of physical RAM or swap space
#   In 32 bit mode, the process size limit was hit
# Possible solutions:
#   Reduce memory load on the system
#   Increase physical memory or swap space
#   Check if swap backing store is full
#   Use 64 bit Java on a 64 bit OS
#   Decrease Java heap size (-Xmx/-Xms)
#   Decrease number of Java threads
#   Decrease Java thread stack sizes (-Xss)
#   Set larger code cache with -XX:ReservedCodeCacheSize=
# This output file may be truncated or incomplete.
#
#  Out of Memory Error (allocation.cpp:273), pid=28272, tid=0x0000000000007a80
#
# JRE version: Java(TM) SE Runtime Environment (8.0_191-b12) (build 1.8.0_191-b12)
# Java VM: Java HotSpot(TM) 64-Bit Server VM (25.191-b12 mixed mode windows-amd64 compressed oops)
# Failed to write core dump. Minidumps are not enabled by default on client versions of Windows
#

---------------  T H R E A D  ---------------

Current thread (0x000000001f072000):  JavaThread "C2 CompilerThread1" daemon [_thread_in_native, id=31360, stack(0x000000001f8e0000,0x000000001f9e0000)]

Stack: [0x000000001f8e0000,0x000000001f9e0000]
[error occurred during error reporting (printing stack bounds), id 0xc0000005]

Native frames: (J=compiled Java code, j=interpreted, Vv=VM code, C=native code)


Current CompileTask:
C2:  70098 7182       4       org.apache.coyote.http11.Http11InputBuffer::parseHeader (1023 bytes)


---------------  P R O C E S S  ---------------

Java Threads: ( => current thread )
  0x0000000027fc0800 JavaThread "logback-4" daemon [_thread_blocked, id=25584, stack(0x0000000001450000,0x0000000001550000)]
  0x0000000027fbc000 JavaThread "logback-3" daemon [_thread_blocked, id=24032, stack(0x000000002b270000,0x000000002b370000)]
  0x0000000027fbc800 JavaThread "DestroyJavaVM" [_thread_blocked, id=6564, stack(0x00000000034b0000,0x00000000035b0000)]
  0x0000000027fc2800 JavaThread "http-nio-8080-Acceptor" daemon [_thread_in_native, id=20356, stack(0x000000002ac70000,0x000000002ad70000)]
  0x0000000027fc1000 JavaThread "http-nio-8080-ClientPoller" daemon [_thread_in_native, id=26820, stack(0x000000002ab70000,0x000000002ac70000)]
  0x0000000027fbf800 JavaThread "http-nio-8080-exec-10" daemon [_thread_blocked, id=11672, stack(0x000000002aa70000,0x000000002ab70000)]
  0x0000000027fb9000 JavaThread "http-nio-8080-exec-9" daemon [_thread_blocked, id=27544, stack(0x000000002a970000,0x000000002aa70000)]
  0x0000000027fbb000 JavaThread "http-nio-8080-exec-8" daemon [_thread_blocked, id=26040, stack(0x000000002a870000,0x000000002a970000)]
  0x0000000027fb3800 JavaThread "http-nio-8080-exec-7" daemon [_thread_blocked, id=30868, stack(0x000000002a770000,0x000000002a870000)]
  0x0000000027fb7800 JavaThread "http-nio-8080-exec-6" daemon [_thread_blocked, id=33988, stack(0x000000002a670000,0x000000002a770000)]
  0x0000000027fb8000 JavaThread "http-nio-8080-exec-5" daemon [_thread_blocked, id=6676, stack(0x000000002a570000,0x000000002a670000)]
  0x0000000027fb6800 JavaThread "http-nio-8080-exec-4" daemon [_thread_blocked, id=27008, stack(0x000000002a470000,0x000000002a570000)]
  0x0000000027fb9800 JavaThread "http-nio-8080-exec-3" daemon [_thread_blocked, id=26412, stack(0x000000002a370000,0x000000002a470000)]
  0x0000000027fb6000 JavaThread "http-nio-8080-exec-2" daemon [_thread_blocked, id=32844, stack(0x000000002a270000,0x000000002a370000)]
  0x0000000027fba800 JavaThread "http-nio-8080-exec-1" daemon [_thread_blocked, id=27388, stack(0x000000002a170000,0x000000002a270000)]
  0x0000000027fb5000 JavaThread "http-nio-8080-BlockPoller" daemon [_thread_in_native, id=26316, stack(0x0000000029f70000,0x000000002a070000)]
  0x0000000027fb4800 JavaThread "Live Reload Server" daemon [_thread_in_native, id=15000, stack(0x000000002a070000,0x000000002a170000)]
  0x00000000227b0000 JavaThread "File Watcher" daemon [_thread_blocked, id=19364, stack(0x0000000027210000,0x0000000027310000)]
  0x00000000227b2000 JavaThread "container-0" [_thread_blocked, id=18904, stack(0x0000000026c10000,0x0000000026d10000)]
  0x00000000227b6000 JavaThread "Catalina-utility-2" [_thread_blocked, id=19320, stack(0x0000000026a10000,0x0000000026b10000)]
  0x00000000227b5000 JavaThread "Catalina-utility-1" [_thread_blocked, id=30208, stack(0x0000000026910000,0x0000000026a10000)]
  0x00000000227b4800 JavaThread "HikariPool-1 housekeeper" daemon [_thread_blocked, id=32476, stack(0x0000000026810000,0x0000000026910000)]
  0x00000000227af000 JavaThread "mysql-cj-abandoned-connection-cleanup" daemon [_thread_blocked, id=25908, stack(0x0000000021bf0000,0x0000000021cf0000)]
  0x0000000020aa4000 JavaThread "logback-2" daemon [_thread_blocked, id=3416, stack(0x00000000216f0000,0x00000000217f0000)]
  0x000000001f100000 JavaThread "Service Thread" daemon [_thread_blocked, id=32880, stack(0x000000001fbe0000,0x000000001fce0000)]
  0x000000001f08b000 JavaThread "C1 CompilerThread3" daemon [_thread_blocked, id=28612, stack(0x000000001fae0000,0x000000001fbe0000)]
  0x000000001f077800 JavaThread "C2 CompilerThread2" daemon [_thread_in_native, id=29760, stack(0x000000001f9e0000,0x000000001fae0000)]
=>0x000000001f072000 JavaThread "C2 CompilerThread1" daemon [_thread_in_native, id=31360, stack(0x000000001f8e0000,0x000000001f9e0000)]
  0x000000001f06c000 JavaThread "C2 CompilerThread0" daemon [_thread_blocked, id=7712, stack(0x000000001f7e0000,0x000000001f8e0000)]
  0x000000001f06a800 JavaThread "Attach Listener" daemon [_thread_blocked, id=27368, stack(0x000000001f6e0000,0x000000001f7e0000)]
  0x000000001f069800 JavaThread "Signal Dispatcher" daemon [_thread_blocked, id=4480, stack(0x000000001f5e0000,0x000000001f6e0000)]
  0x00000000036ae000 JavaThread "Finalizer" daemon [_thread_blocked, id=15068, stack(0x000000001f3e0000,0x000000001f4e0000)]
  0x00000000036aa800 JavaThread "Reference Handler" daemon [_thread_blocked, id=28264, stack(0x000000001eee0000,0x000000001efe0000)]

Other Threads:
  0x000000001d0f9800 VMThread [stack: 0x000000001ede0000,0x000000001eee0000] [id=35236]
  0x000000001f13c800 WatcherThread [stack: 0x000000001fce0000,0x000000001fde0000] [id=34840]

VM state:not at safepoint (normal execution)

VM Mutex/Monitor currently owned by a thread: None

Heap:
 PSYoungGen      total 250368K, used 78152K [0x000000076b200000, 0x000000077c700000, 0x00000007c0000000)
  eden space 237568K, 27% used [0x000000076b200000,0x000000076f240120,0x0000000779a00000)
  from space 12800K, 96% used [0x000000077ba80000,0x000000077c692178,0x000000077c700000)
  to   space 18944K, 0% used [0x000000077a200000,0x000000077a200000,0x000000077b480000)
 ParOldGen       total 214528K, used 26841K [0x00000006c1600000, 0x00000006ce780000, 0x000000076b200000)
  object space 214528K, 12% used [0x00000006c1600000,0x00000006c3036520,0x00000006ce780000)
 Metaspace       used 65145K, capacity 68520K, committed 68760K, reserved 1107968K
  class space    used 8776K, capacity 9365K, committed 9384K, reserved 1048576K

Card table byte_map: [0x0000000012a70000,0x0000000013270000] byte_map_base: 0x000000000f465000

Marking Bits: (ParMarkBitMap*) 0x000000006cfb3e30
 Begin Bits: [0x0000000013fc0000, 0x0000000017f68000)
 End Bits:   [0x0000000017f68000, 0x000000001bf10000)

Polling page: 0x0000000001750000

CodeCache: size=245760Kb used=21304Kb max_used=21316Kb free=224455Kb
 bounds [0x00000000036b0000, 0x0000000004ba0000, 0x00000000126b0000]
 total_blobs=6828 nmethods=6229 adapters=510
 compilation: enabled

Compilation events (10 events):
Event: 70.075 Thread 0x000000001f072000 7168       4       java.lang.Class::arrayContentsEq (70 bytes)
Event: 70.076 Thread 0x000000001f08b000 7169       3       java.util.concurrent.ThreadPoolExecutor::runStateAtLeast (11 bytes)
Event: 70.076 Thread 0x000000001f08b000 nmethod 7169 0x0000000004b76450 code [0x0000000004b765a0, 0x0000000004b76730]
Event: 70.076 Thread 0x000000001f08b000 7170       3       org.springframework.util.ResourceUtils::toURI (8 bytes)
Event: 70.076 Thread 0x000000001f08b000 nmethod 7170 0x0000000004b75b90 code [0x0000000004b75d40, 0x0000000004b76248]
Event: 70.076 Thread 0x000000001f08b000 7171       3       org.springframework.util.ResourceUtils::toURI (16 bytes)
Event: 70.076 Thread 0x000000001f08b000 nmethod 7171 0x0000000004b75710 code [0x0000000004b75880, 0x0000000004b75a98]
Event: 70.077 Thread 0x000000001f08b000 7172       3       org.apache.coyote.http11.Http11InputBuffer::parseRequestLine (1413 bytes)
Event: 70.077 Thread 0x000000001f072000 nmethod 7168 0x0000000004b73f50 code [0x0000000004b74080, 0x0000000004b74158]
Event: 70.085 Thread 0x000000001f072000 7182       4       org.apache.coyote.http11.Http11InputBuffer::parseHeader (1023 bytes)

GC Heap History (10 events):
Event: 6.033 GC heap before
{Heap before GC invocations=9 (full 2):
 PSYoungGen      total 145920K, used 7516K [0x000000076b200000, 0x0000000778b80000, 0x00000007c0000000)
  eden space 132608K, 0% used [0x000000076b200000,0x000000076b200000,0x0000000773380000)
  from space 13312K, 56% used [0x0000000773380000,0x0000000773ad7110,0x0000000774080000)
  to   space 12800K, 0% used [0x0000000777f00000,0x0000000777f00000,0x0000000778b80000)
 ParOldGen       total 108544K, used 9601K [0x00000006c1600000, 0x00000006c8000000, 0x000000076b200000)
  object space 108544K, 8% used [0x00000006c1600000,0x00000006c1f606e0,0x00000006c8000000)
 Metaspace       used 33693K, capacity 35450K, committed 35496K, reserved 1079296K
  class space    used 4421K, capacity 4770K, committed 4776K, reserved 1048576K
Event: 6.077 GC heap after
Heap after GC invocations=9 (full 2):
 PSYoungGen      total 145920K, used 0K [0x000000076b200000, 0x0000000778b80000, 0x00000007c0000000)
  eden space 132608K, 0% used [0x000000076b200000,0x000000076b200000,0x0000000773380000)
  from space 13312K, 0% used [0x0000000773380000,0x0000000773380000,0x0000000774080000)
  to   space 12800K, 0% used [0x0000000777f00000,0x0000000777f00000,0x0000000778b80000)
 ParOldGen       total 151552K, used 12336K [0x00000006c1600000, 0x00000006caa00000, 0x000000076b200000)
  object space 151552K, 8% used [0x00000006c1600000,0x00000006c220c188,0x00000006caa00000)
 Metaspace       used 33693K, capacity 35450K, committed 35496K, reserved 1079296K
  class space    used 4421K, capacity 4770K, committed 4776K, reserved 1048576K
}
Event: 9.838 GC heap before
{Heap before GC invocations=10 (full 2):
 PSYoungGen      total 145920K, used 132608K [0x000000076b200000, 0x0000000778b80000, 0x00000007c0000000)
  eden space 132608K, 100% used [0x000000076b200000,0x0000000773380000,0x0000000773380000)
  from space 13312K, 0% used [0x0000000773380000,0x0000000773380000,0x0000000774080000)
  to   space 12800K, 0% used [0x0000000777f00000,0x0000000777f00000,0x0000000778b80000)
 ParOldGen       total 151552K, used 12336K [0x00000006c1600000, 0x00000006caa00000, 0x000000076b200000)
  object space 151552K, 8% used [0x00000006c1600000,0x00000006c220c188,0x00000006caa00000)
 Metaspace       used 47894K, capacity 49958K, committed 50216K, reserved 1093632K
  class space    used 6417K, capacity 6830K, committed 6952K, reserved 1048576K
Event: 9.857 GC heap after
Heap after GC invocations=10 (full 2):
 PSYoungGen      total 206336K, used 12775K [0x000000076b200000, 0x0000000779980000, 0x00000007c0000000)
  eden space 193536K, 0% used [0x000000076b200000,0x000000076b200000,0x0000000776f00000)
  from space 12800K, 99% used [0x0000000777f00000,0x0000000778b79df0,0x0000000778b80000)
  to   space 16384K, 0% used [0x0000000776f00000,0x0000000776f00000,0x0000000777f00000)
 ParOldGen       total 151552K, used 17469K [0x00000006c1600000, 0x00000006caa00000, 0x000000076b200000)
  object space 151552K, 11% used [0x00000006c1600000,0x00000006c270f6c0,0x00000006caa00000)
 Metaspace       used 47894K, capacity 49958K, committed 50216K, reserved 1093632K
  class space    used 6417K, capacity 6830K, committed 6952K, reserved 1048576K
}
Event: 11.541 GC heap before
{Heap before GC invocations=11 (full 2):
 PSYoungGen      total 206336K, used 95616K [0x000000076b200000, 0x0000000779980000, 0x00000007c0000000)
  eden space 193536K, 42% used [0x000000076b200000,0x00000007702e65b8,0x0000000776f00000)
  from space 12800K, 99% used [0x0000000777f00000,0x0000000778b79df0,0x0000000778b80000)
  to   space 16384K, 0% used [0x0000000776f00000,0x0000000776f00000,0x0000000777f00000)
 ParOldGen       total 151552K, used 17469K [0x00000006c1600000, 0x00000006caa00000, 0x000000076b200000)
  object space 151552K, 11% used [0x00000006c1600000,0x00000006c270f6c0,0x00000006caa00000)
 Metaspace       used 56295K, capacity 59066K, committed 59160K, reserved 1099776K
  class space    used 7674K, capacity 8138K, committed 8232K, reserved 1048576K
Event: 11.563 GC heap after
Heap after GC invocations=11 (full 2):
 PSYoungGen      total 209920K, used 16378K [0x000000076b200000, 0x000000077cd00000, 0x00000007c0000000)
  eden space 193536K, 0% used [0x000000076b200000,0x000000076b200000,0x0000000776f00000)
  from space 16384K, 99% used [0x0000000776f00000,0x0000000777efe8a8,0x0000000777f00000)
  to   space 18944K, 0% used [0x000000077ba80000,0x000000077ba80000,0x000000077cd00000)
 ParOldGen       total 151552K, used 17667K [0x00000006c1600000, 0x00000006caa00000, 0x000000076b200000)
  object space 151552K, 11% used [0x00000006c1600000,0x00000006c2740ee8,0x00000006caa00000)
 Metaspace       used 56295K, capacity 59066K, committed 59160K, reserved 1099776K
  class space    used 7674K, capacity 8138K, committed 8232K, reserved 1048576K
}
Event: 11.563 GC heap before
{Heap before GC invocations=12 (full 3):
 PSYoungGen      total 209920K, used 16378K [0x000000076b200000, 0x000000077cd00000, 0x00000007c0000000)
  eden space 193536K, 0% used [0x000000076b200000,0x000000076b200000,0x0000000776f00000)
  from space 16384K, 99% used [0x0000000776f00000,0x0000000777efe8a8,0x0000000777f00000)
  to   space 18944K, 0% used [0x000000077ba80000,0x000000077ba80000,0x000000077cd00000)
 ParOldGen       total 151552K, used 17667K [0x00000006c1600000, 0x00000006caa00000, 0x000000076b200000)
  object space 151552K, 11% used [0x00000006c1600000,0x00000006c2740ee8,0x00000006caa00000)
 Metaspace       used 56295K, capacity 59066K, committed 59160K, reserved 1099776K
  class space    used 7674K, capacity 8138K, committed 8232K, reserved 1048576K
Event: 11.812 GC heap after
Heap after GC invocations=12 (full 3):
 PSYoungGen      total 209920K, used 0K [0x000000076b200000, 0x000000077cd00000, 0x00000007c0000000)
  eden space 193536K, 0% used [0x000000076b200000,0x000000076b200000,0x0000000776f00000)
  from space 16384K, 0% used [0x0000000776f00000,0x0000000776f00000,0x0000000777f00000)
  to   space 18944K, 0% used [0x000000077ba80000,0x000000077ba80000,0x000000077cd00000)
 ParOldGen       total 214528K, used 26833K [0x00000006c1600000, 0x00000006ce780000, 0x000000076b200000)
  object space 214528K, 12% used [0x00000006c1600000,0x00000006c3034520,0x00000006ce780000)
 Metaspace       used 56295K, capacity 59066K, committed 59160K, reserved 1099776K
  class space    used 7674K, capacity 8138K, committed 8232K, reserved 1048576K
}
Event: 36.840 GC heap before
{Heap before GC invocations=13 (full 3):
 PSYoungGen      total 209920K, used 193536K [0x000000076b200000, 0x000000077cd00000, 0x00000007c0000000)
  eden space 193536K, 100% used [0x000000076b200000,0x0000000776f00000,0x0000000776f00000)
  from space 16384K, 0% used [0x0000000776f00000,0x0000000776f00000,0x0000000777f00000)
  to   space 18944K, 0% used [0x000000077ba80000,0x000000077ba80000,0x000000077cd00000)
 ParOldGen       total 214528K, used 26833K [0x00000006c1600000, 0x00000006ce780000, 0x000000076b200000)
  object space 214528K, 12% used [0x00000006c1600000,0x00000006c3034520,0x00000006ce780000)
 Metaspace       used 65037K, capacity 68380K, committed 68504K, reserved 1107968K
  class space    used 8773K, capacity 9363K, committed 9384K, reserved 1048576K
Event: 36.849 GC heap after
Heap after GC invocations=13 (full 3):
 PSYoungGen      total 250368K, used 12360K [0x000000076b200000, 0x000000077c700000, 0x00000007c0000000)
  eden space 237568K, 0% used [0x000000076b200000,0x000000076b200000,0x0000000779a00000)
  from space 12800K, 96% used [0x000000077ba80000,0x000000077c692178,0x000000077c700000)
  to   space 18944K, 0% used [0x000000077a200000,0x000000077a200000,0x000000077b480000)
 ParOldGen       total 214528K, used 26841K [0x00000006c1600000, 0x00000006ce780000, 0x000000076b200000)
  object space 214528K, 12% used [0x00000006c1600000,0x00000006c3036520,0x00000006ce780000)
 Metaspace       used 65037K, capacity 68380K, committed 68504K, reserved 1107968K
  class space    used 8773K, capacity 9363K, committed 9384K, reserved 1048576K
}

Deoptimization events (10 events):
Event: 14.793 Thread 0x00000000227b0000 Uncommon trap: reason=bimorphic action=maybe_recompile pc=0x00000000042ddcbc method=java.util.AbstractCollection.containsAll(Ljava/util/Collection;)Z @ 25
Event: 14.794 Thread 0x00000000227b0000 Uncommon trap: reason=bimorphic action=maybe_recompile pc=0x00000000042ddcbc method=java.util.AbstractCollection.containsAll(Ljava/util/Collection;)Z @ 25
Event: 17.093 Thread 0x0000000027fb9800 Uncommon trap: reason=unstable_if action=reinterpret pc=0x00000000040e59d4 method=java.util.regex.Pattern$LastNode.match(Ljava/util/regex/Matcher;ILjava/lang/CharSequence;)Z @ 13
Event: 17.093 Thread 0x0000000027fb9800 Uncommon trap: reason=unstable_if action=reinterpret pc=0x00000000048c0534 method=java.util.regex.Pattern$LastNode.match(Ljava/util/regex/Matcher;ILjava/lang/CharSequence;)Z @ 13
Event: 17.093 Thread 0x0000000027fb7800 Uncommon trap: reason=class_check action=maybe_recompile pc=0x0000000003f12a84 method=java.util.concurrent.ConcurrentMap.computeIfAbsent(Ljava/lang/Object;Ljava/util/function/Function;)Ljava/lang/Object; @ 7
Event: 17.097 Thread 0x0000000027fb9800 Uncommon trap: reason=class_check action=maybe_recompile pc=0x0000000003f12a84 method=java.util.concurrent.ConcurrentMap.computeIfAbsent(Ljava/lang/Object;Ljava/util/function/Function;)Ljava/lang/Object; @ 7
Event: 22.497 Thread 0x0000000027fbf800 Uncommon trap: reason=bimorphic action=maybe_recompile pc=0x0000000003e9d260 method=java.util.Collections$SetFromMap.contains(Ljava/lang/Object;)Z @ 5
Event: 26.598 Thread 0x0000000027fb9000 Uncommon trap: reason=bimorphic action=maybe_recompile pc=0x0000000003e9d260 method=java.util.Collections$SetFromMap.contains(Ljava/lang/Object;)Z @ 5
Event: 67.190 Thread 0x00000000227b0000 Uncommon trap: reason=unstable_if action=reinterpret pc=0x0000000003df82b4 method=java.util.AbstractCollection.containsAll(Ljava/util/Collection;)Z @ 28
Event: 67.702 Thread 0x00000000227b0000 Uncommon trap: reason=unstable_if action=reinterpret pc=0x00000000049d6450 method=org.springframework.boot.devtools.filewatch.FileSnapshot.equals(Ljava/lang/Object;)Z @ 71

Classes redefined (0 events):
No events

Internal exceptions (10 events):
Event: 11.461 Thread 0x0000000020967000 Exception <a 'java/lang/ClassNotFoundException': org/springframework/context/ResourceLoaderAwareCustomizer> (0x000000076fde3660) thrown at [C:\re\workspace\8-2-build-windows-amd64-cygwin\jdk8u191\11896\hotspot\src\share\vm\classfile\systemDictionary.cpp, 
Event: 11.462 Thread 0x0000000020967000 Exception <a 'java/lang/ClassNotFoundException': org/springframework/beans/factory/AwareCustomizer> (0x000000076fdf8e00) thrown at [C:\re\workspace\8-2-build-windows-amd64-cygwin\jdk8u191\11896\hotspot\src\share\vm\classfile\systemDictionary.cpp, line 210
Event: 11.463 Thread 0x0000000020967000 Exception <a 'java/lang/ClassNotFoundException': org/springframework/context/ApplicationContextAwareCustomizer> (0x000000076fe10db0) thrown at [C:\re\workspace\8-2-build-windows-amd64-cygwin\jdk8u191\11896\hotspot\src\share\vm\classfile\systemDictionary.c
Event: 11.464 Thread 0x0000000020967000 Exception <a 'java/lang/ClassNotFoundException': org/springframework/beans/factory/AwareCustomizer> (0x000000076fe26b58) thrown at [C:\re\workspace\8-2-build-windows-amd64-cygwin\jdk8u191\11896\hotspot\src\share\vm\classfile\systemDictionary.cpp, line 210
Event: 11.465 Thread 0x0000000020967000 Exception <a 'java/lang/ClassNotFoundException': org/springframework/web/context/ServletContextAwareCustomizer> (0x000000076fe3eb00) thrown at [C:\re\workspace\8-2-build-windows-amd64-cygwin\jdk8u191\11896\hotspot\src\share\vm\classfile\systemDictionary.c
Event: 11.466 Thread 0x0000000020967000 Exception <a 'java/lang/ClassNotFoundException': org/springframework/beans/factory/AwareCustomizer> (0x000000076fe54318) thrown at [C:\re\workspace\8-2-build-windows-amd64-cygwin\jdk8u191\11896\hotspot\src\share\vm\classfile\systemDictionary.cpp, line 210
Event: 12.103 Thread 0x0000000020967000 Exception <a 'java/lang/IncompatibleClassChangeError': Found class java.lang.Object, but interface was expected> (0x000000076c1a1b68) thrown at [C:\re\workspace\8-2-build-windows-amd64-cygwin\jdk8u191\11896\hotspot\src\share\vm\interpreter\linkResolver.cp
Event: 70.080 Thread 0x0000000027fb3800 Exception <a 'java/io/IOException'> (0x000000076f0ae6a0) thrown at [C:\re\workspace\8-2-build-windows-amd64-cygwin\jdk8u191\11896\hotspot\src\share\vm\prims\jni.cpp, line 709]
Event: 70.082 Thread 0x0000000027fb3800 Exception <a 'java/io/IOException'> (0x000000076f0ba478) thrown at [C:\re\workspace\8-2-build-windows-amd64-cygwin\jdk8u191\11896\hotspot\src\share\vm\prims\jni.cpp, line 709]
Event: 70.082 Thread 0x0000000027fb3800 Exception <a 'java/io/IOException'> (0x000000076f0bae38) thrown at [C:\re\workspace\8-2-build-windows-amd64-cygwin\jdk8u191\11896\hotspot\src\share\vm\prims\jni.cpp, line 709]

Events (10 events):
Event: 70.011 Thread 0x000000001f08b000 flushing nmethod 0x000000000472b490
Event: 70.011 Thread 0x000000001f08b000 flushing nmethod 0x0000000004820110
Event: 70.022 Thread 0x0000000027fb6800 DEOPT PACKING pc=0x00000000040df813 sp=0x000000002a56c990
Event: 70.022 Thread 0x0000000027fb6800 DEOPT UNPACKING pc=0x00000000036f7890 sp=0x000000002a56c780 mode 0
Event: 70.026 Thread 0x0000000027fb6800 DEOPT PACKING pc=0x00000000040df813 sp=0x000000002a56ca40
Event: 70.026 Thread 0x0000000027fb6800 DEOPT UNPACKING pc=0x00000000036f7890 sp=0x000000002a56c830 mode 0
Event: 70.081 loading class org/springframework/web/context/request/async/AsyncRequestTimeoutException
Event: 70.081 loading class org/springframework/web/context/request/async/AsyncRequestTimeoutException done
Event: 70.083 Executing VM operation: RevokeBias
Event: 70.083 Executing VM operation: RevokeBias done


Dynamic libraries:
0x00007ff6f9a50000 - 0x00007ff6f9a87000 	C:\Program Files\Java\jre1.8.0_191\bin\javaw.exe
0x00007ffce8dc0000 - 0x00007ffce8fb0000 	C:\WINDOWS\SYSTEM32\ntdll.dll
0x00007ffce7560000 - 0x00007ffce7612000 	C:\WINDOWS\System32\KERNEL32.DLL
0x00007ffce5ec0000 - 0x00007ffce6163000 	C:\WINDOWS\System32\KERNELBASE.dll
0x00007ffce85f0000 - 0x00007ffce8693000 	C:\WINDOWS\System32\ADVAPI32.dll
0x00007ffce7960000 - 0x00007ffce79fe000 	C:\WINDOWS\System32\msvcrt.dll
0x00007ffce7a00000 - 0x00007ffce7a97000 	C:\WINDOWS\System32\sechost.dll
0x00007ffce8320000 - 0x00007ffce8440000 	C:\WINDOWS\System32\RPCRT4.dll
0x00007ffce7360000 - 0x00007ffce74f4000 	C:\WINDOWS\System32\USER32.dll
0x00007ffce64c0000 - 0x00007ffce64e1000 	C:\WINDOWS\System32\win32u.dll
0x00007ffce87f0000 - 0x00007ffce8816000 	C:\WINDOWS\System32\GDI32.dll
0x00007ffce64f0000 - 0x00007ffce6684000 	C:\WINDOWS\System32\gdi32full.dll
0x00007ffce5da0000 - 0x00007ffce5e3e000 	C:\WINDOWS\System32\msvcp_win.dll
0x00007ffce6270000 - 0x00007ffce636a000 	C:\WINDOWS\System32\ucrtbase.dll
0x00007ffcd3dd0000 - 0x00007ffcd4055000 	C:\WINDOWS\WinSxS\amd64_microsoft.windows.common-controls_6595b64144ccf1df_6.0.18362.778_none_e6c6b761130d4fb8\COMCTL32.dll
0x00007ffce6f20000 - 0x00007ffce7256000 	C:\WINDOWS\System32\combase.dll
0x00007ffce5e40000 - 0x00007ffce5ec0000 	C:\WINDOWS\System32\bcryptPrimitives.dll
0x00007ffce7330000 - 0x00007ffce735e000 	C:\WINDOWS\System32\IMM32.DLL
0x000000006df30000 - 0x000000006e002000 	C:\Program Files\Java\jre1.8.0_191\bin\msvcr100.dll
0x000000006c790000 - 0x000000006d034000 	C:\Program Files\Java\jre1.8.0_191\bin\server\jvm.dll
0x00007ffce8770000 - 0x00007ffce8778000 	C:\WINDOWS\System32\PSAPI.DLL
0x00007ffcdcf10000 - 0x00007ffcdcf1a000 	C:\WINDOWS\SYSTEM32\VERSION.dll
0x00007ffcd9bf0000 - 0x00007ffcd9c14000 	C:\WINDOWS\SYSTEM32\WINMM.dll
0x00007ffccde50000 - 0x00007ffccde59000 	C:\WINDOWS\SYSTEM32\WSOCK32.dll
0x00007ffce7780000 - 0x00007ffce77ef000 	C:\WINDOWS\System32\WS2_32.dll
0x00007ffcd9bc0000 - 0x00007ffcd9bed000 	C:\WINDOWS\SYSTEM32\winmmbase.dll
0x00007ffce5d50000 - 0x00007ffce5d9a000 	C:\WINDOWS\System32\cfgmgr32.dll
0x000000006e120000 - 0x000000006e12f000 	C:\Program Files\Java\jre1.8.0_191\bin\verify.dll
0x000000006e0f0000 - 0x000000006e119000 	C:\Program Files\Java\jre1.8.0_191\bin\java.dll
0x000000006e0a0000 - 0x000000006e0b6000 	C:\Program Files\Java\jre1.8.0_191\bin\zip.dll
0x00007ffce7aa0000 - 0x00007ffce8185000 	C:\WINDOWS\System32\SHELL32.dll
0x00007ffce6e70000 - 0x00007ffce6f19000 	C:\WINDOWS\System32\shcore.dll
0x00007ffce66f0000 - 0x00007ffce6e70000 	C:\WINDOWS\System32\windows.storage.dll
0x00007ffce5d20000 - 0x00007ffce5d43000 	C:\WINDOWS\System32\profapi.dll
0x00007ffce5c90000 - 0x00007ffce5cda000 	C:\WINDOWS\System32\powrprof.dll
0x00007ffce5c80000 - 0x00007ffce5c90000 	C:\WINDOWS\System32\UMPDC.dll
0x00007ffce8240000 - 0x00007ffce8292000 	C:\WINDOWS\System32\shlwapi.dll
0x00007ffce5ce0000 - 0x00007ffce5cf1000 	C:\WINDOWS\System32\kernel.appcore.dll
0x00007ffce6170000 - 0x00007ffce6187000 	C:\WINDOWS\System32\cryptsp.dll
0x000000006e010000 - 0x000000006e01d000 	C:\Program Files\Java\jre1.8.0_191\bin\management.dll
0x000000006e080000 - 0x000000006e09a000 	C:\Program Files\Java\jre1.8.0_191\bin\net.dll
0x00007ffce54a0000 - 0x00007ffce5507000 	C:\WINDOWS\system32\mswsock.dll
0x00007ffcc64e0000 - 0x00007ffcc64f6000 	C:\WINDOWS\system32\napinsp.dll
0x00007ffcc64c0000 - 0x00007ffcc64da000 	C:\WINDOWS\system32\pnrpnsp.dll
0x00007ffce5200000 - 0x00007ffce52ca000 	C:\WINDOWS\SYSTEM32\DNSAPI.dll
0x00007ffce8cf0000 - 0x00007ffce8cf8000 	C:\WINDOWS\System32\NSI.dll
0x00007ffce51c0000 - 0x00007ffce51fa000 	C:\WINDOWS\SYSTEM32\IPHLPAPI.DLL
0x00007ffcc69b0000 - 0x00007ffcc69be000 	C:\WINDOWS\System32\winrnr.dll
0x00007ffcdf290000 - 0x00007ffcdf2ac000 	C:\WINDOWS\system32\NLAapi.dll
0x00007ffcde4a0000 - 0x00007ffcde4b5000 	C:\WINDOWS\system32\wshbth.dll
0x00007ffcd2b60000 - 0x00007ffcd2b6a000 	C:\Windows\System32\rasadhlp.dll
0x00007ffcd3150000 - 0x00007ffcd31c7000 	C:\WINDOWS\System32\fwpuclnt.dll
0x00007ffce6190000 - 0x00007ffce61b6000 	C:\WINDOWS\System32\bcrypt.dll
0x000000006e060000 - 0x000000006e071000 	C:\Program Files\Java\jre1.8.0_191\bin\nio.dll
0x00007ffce5020000 - 0x00007ffce5053000 	C:\WINDOWS\system32\rsaenh.dll
0x00007ffce5b70000 - 0x00007ffce5b95000 	C:\WINDOWS\SYSTEM32\USERENV.dll
0x00007ffce5620000 - 0x00007ffce562c000 	C:\WINDOWS\SYSTEM32\CRYPTBASE.dll
0x00007ffcd2e20000 - 0x00007ffcd2e36000 	C:\WINDOWS\SYSTEM32\dhcpcsvc6.DLL
0x00007ffcd2e00000 - 0x00007ffcd2e1c000 	C:\WINDOWS\SYSTEM32\dhcpcsvc.DLL
0x000000006e030000 - 0x000000006e054000 	C:\Program Files\Java\jre1.8.0_191\bin\sunec.dll
0x000000006e020000 - 0x000000006e02b000 	C:\Program Files\Java\jre1.8.0_191\bin\sunmscapi.dll
0x00007ffce6370000 - 0x00007ffce64b9000 	C:\WINDOWS\System32\CRYPT32.dll
0x00007ffce5d00000 - 0x00007ffce5d12000 	C:\WINDOWS\System32\MSASN1.dll

VM Arguments:
jvm_args: -Dfile.encoding=UTF-8 
java_command: com.craftercodebase.MvcApplication
java_class_path (initial): D:\canada\cc-spring-mvc\target\classes;C:\Users\user\.p2\pool\plugins\org.aspectj.runtime_1.9.2.202002051807.jar;C:\Users\user\.m2\repository\org\springframework\boot\spring-boot-starter-data-jpa\2.2.6.RELEASE\spring-boot-starter-data-jpa-2.2.6.RELEASE.jar;C:\Users\user\.m2\repository\org\springframework\boot\spring-boot-starter-aop\2.2.6.RELEASE\spring-boot-starter-aop-2.2.6.RELEASE.jar;C:\Users\user\.m2\repository\org\springframework\spring-aop\5.2.5.RELEASE\spring-aop-5.2.5.RELEASE.jar;C:\Users\user\.m2\repository\org\aspectj\aspectjweaver\1.9.5\aspectjweaver-1.9.5.jar;C:\Users\user\.m2\repository\org\springframework\boot\spring-boot-starter-jdbc\2.2.6.RELEASE\spring-boot-starter-jdbc-2.2.6.RELEASE.jar;C:\Users\user\.m2\repository\com\zaxxer\HikariCP\3.4.2\HikariCP-3.4.2.jar;C:\Users\user\.m2\repository\org\springframework\spring-jdbc\5.2.5.RELEASE\spring-jdbc-5.2.5.RELEASE.jar;C:\Users\user\.m2\repository\jakarta\activation\jakarta.activation-api\1.2.2\jakarta.activation-api-1.2.2.jar;C:\Users\user\.m2\repository\jakarta\persistence\jakarta.persistence-api\2.2.3\jakarta.persistence-api-2.2.3.jar;C:\Users\user\.m2\repository\jakarta\transaction\jakarta.transaction-api\1.3.3\jakarta.transaction-api-1.3.3.jar;C:\Users\user\.m2\repository\org\hibernate\hibernate-core\5.4.12.Final\hibernate-core-5.4.12.Final.jar;C:\Users\user\.m2\repository\org\jboss\logging\jboss-logging\3.4.1.Final\jboss-logging-3.4.1.Final.jar;C:\Users\user\.m2\repository\org\javassist\javassist\3.24.0-GA\javassist-3.24.0-GA.jar;C:\Users\user\.m2\repository\net\bytebuddy\byte-buddy\1.10.8\byte-buddy-1.10.8.jar;C:\Users\user\.m2\repository\antlr\antlr\2.7.7\antlr-2.7.7.jar;C:\Users\user\.m2\repository\org\jboss\jandex\2.1.1.Final\jandex-2.1.1.Final.jar;C:\Users\user\.m2\repository\com\fasterxml\classmate\1.5.1\classmate-1.5.1.jar;C:\Users\user\.m2\repository\org\dom4j\dom4j\2.1.1\dom4j-2.1.1.jar;C:\Users\user\.m2\repository\org\hibernate\common\hibernate-commons-annotat
Launcher Type: SUN_STANDARD

Environment Variables:
JAVA_HOME=D:\dev-env\jdk1.8.0_131
PATH=C:/Program Files/Java/jre1.8.0_191/bin/server;C:/Program Files/Java/jre1.8.0_191/bin;C:/Program Files/Java/jre1.8.0_191/lib/amd64;C:\Program Files (x86)\Intel\Intel(R) Management Engine Components\iCLS\;C:\Program Files\Intel\Intel(R) Management Engine Components\iCLS\;C:\Program Files (x86)\NAT Service;C:\Program Files (x86)\Common Files\Oracle\Java\javapath;C:\ProgramData\Oracle\Java\javapath;C:\oracle\product\11.2.0\dbhome_1\bin;C:\WINDOWS\system32;C:\WINDOWS;C:\WINDOWS\System32\Wbem;C:\WINDOWS\System32\WindowsPowerShell\v1.0\;C:\WINDOWS\System32\OpenSSH\;C:\Program Files\TortoiseSVN\bin;C:\Program Files\dotnet\;C:\Program Files\PuTTY\;D:\dev-env\Python\Python37;D:\dev-env\Python\Python37\Scripts;C:\Program Files (x86)\Intel\Intel(R) Management Engine Components\DAL;C:\Program Files\Intel\Intel(R) Management Engine Components\DAL;C:\Program Files\Git\cmd;D:\dev-env\nodejs\;C:\Program Files\Docker\Docker\resources\bin;C:\ProgramData\DockerDesktop\version-bin;C:\Program Files\MySQL\MySQL Shell 8.0\bin\;C:\Users\user\AppData\Local\Microsoft\WindowsApps;C:\Users\user\AppData\Local\GitHubDesktop\bin;D:\temp2;C:\Users\user\AppData\Local\Microsoft\WindowsApps;D:\dev-env\apache-maven-3.6.3\bin;D:\dev-env\spring-boot-cli-2.2.5.RELEASE-bin\spring-2.2.5.RELEASE\bin;D:\dev-env\jdk1.8.0_131\bin;C:\Program Files\Vim\vim82;C:\Program Files\MySQL\MySQL Server 8.0\bin;C:\Users\user\AppData\Roaming\npm;D:\dev-env\nodejs;;C:\Users\user\AppData\Local\Programs\Microsoft VS Code\bin;C:\Program Files (x86)\ESTsoft\ALSee\x64;C:\Users\user\Desktop;
USERNAME=syc0701
OS=Windows_NT
PROCESSOR_IDENTIFIER=Intel64 Family 6 Model 142 Stepping 10, GenuineIntel



---------------  S Y S T E M  ---------------

OS: Windows 10.0 , 64 bit Build 18362 (10.0.18362.778)

CPU:total 8 (initial active 8) (4 cores per cpu, 2 threads per core) family 6 model 142 stepping 10, cmov, cx8, fxsr, mmx, sse, sse2, sse3, ssse3, sse4.1, sse4.2, popcnt, avx, avx2, aes, clmul, erms, 3dnowpref, lzcnt, ht, tsc, tscinvbit, bmi1, bmi2, adx

Memory: 4k page, physical 16686480k(8715372k free), swap 44006984k(1184k free)

vm_info: Java HotSpot(TM) 64-Bit Server VM (25.191-b12) for windows-amd64 JRE (1.8.0_191-b12), built on Oct  6 2018 09:29:03 by "java_re" with MS VC++ 10.0 (VS2010)

time: Thu May 07 23:24:36 2020
elapsed time: 70 seconds (0d 0h 1m 10s)

